Using pre-set license
Built from '2021.1/staging' branch; Version is '2021.1.7f1 (d91830b65d9b) revision 14227504'; Using compiler version '192528614'; Build Type 'Release'
OS: 'Windows 10 Pro; OS build 19044.1466; Version 2009; 64bit' Language: 'pt' Physical Memory: 32575 MB
BatchMode: 1, IsHumanControllingUs: 0, StartBugReporterOnCrash: 0, Is64bit: 1, IsPro: 0

 COMMAND LINE ARGUMENTS:
C:\Program Files\Unity\Hub\Editor\2021.1.7f1\Editor\Unity.exe
-adb2
-batchMode
-noUpm
-name
AssetImportWorker0
-projectPath
C:/Users/User/Documents/RollBall
-logFile
Logs/AssetImportWorker0.log
-srvPort
61516
Successfully changed project path to: C:/Users/User/Documents/RollBall
C:/Users/User/Documents/RollBall
Using Asset Import Pipeline V2.
Refreshing native plugins compatible for Editor in 127.81 ms, found 1 plugins.
Preloading 0 native plugins for Editor in 0.00 ms.
Initialize engine version: 2021.1.7f1 (d91830b65d9b)
[Subsystems] Discovering subsystems at path C:/Program Files/Unity/Hub/Editor/2021.1.7f1/Editor/Data/Resources/UnitySubsystems
[Subsystems] Discovering subsystems at path C:/Users/User/Documents/RollBall/Assets
GfxDevice: creating device client; threaded=0; jobified=0
Direct3D:
    Version:  Direct3D 11.0 [level 11.1]
    Renderer: NVIDIA Quadro M2200 (ID=0x1436)
    Vendor:   NVIDIA
    VRAM:     4053 MB
    Driver:   27.21.14.6611
Initialize mono
Mono path[0] = 'C:/Program Files/Unity/Hub/Editor/2021.1.7f1/Editor/Data/Managed'
Mono path[1] = 'C:/Program Files/Unity/Hub/Editor/2021.1.7f1/Editor/Data/MonoBleedingEdge/lib/mono/unityjit'
Mono config path = 'C:/Program Files/Unity/Hub/Editor/2021.1.7f1/Editor/Data/MonoBleedingEdge/etc'
Using monoOptions --debugger-agent=transport=dt_socket,embedding=1,server=y,suspend=n,address=127.0.0.1:56884
Begin MonoManager ReloadAssembly
Registering precompiled unity dll's ...
Register platform support module: C:/Program Files/Unity/Hub/Editor/2021.1.7f1/Editor/Data/PlaybackEngines/WindowsStandaloneSupport/UnityEditor.WindowsStandalone.Extensions.dll
Registered in 0.002537 seconds.
Native extension for WindowsStandalone target not found
Refreshing native plugins compatible for Editor in 261.54 ms, found 1 plugins.
Preloading 0 native plugins for Editor in 0.00 ms.
Mono: successfully reloaded assembly
- Completed reload, in  3.315 seconds
Platform modules already initialized, skipping
Registering precompiled user dll's ...
Registered in 0.005977 seconds.
Begin MonoManager ReloadAssembly
Symbol file LoadedFromMemory doesn't match image C:\Users\User\Documents\RollBall\Library\PackageCache\com.unity.visualscripting@1.6.1\Editor\VisualScripting.Core\Dependencies\YamlDotNet\Unity.VisualScripting.YamlDotNet.dll
Symbol file LoadedFromMemory doesn't match image C:\Users\User\Documents\RollBall\Library\PackageCache\com.unity.visualscripting@1.6.1\Editor\VisualScripting.Core\Dependencies\DotNetZip\Unity.VisualScripting.IonicZip.dll
Native extension for WindowsStandalone target not found
Refreshing native plugins compatible for Editor in 155.25 ms, found 1 plugins.
Preloading 0 native plugins for Editor in 0.00 ms.
Mono: successfully reloaded assembly
- Completed reload, in  2.506 seconds
Platform modules already initialized, skipping
========================================================================
Worker process is ready to serve import requests
Shader 'Universal Render Pipeline/Particles/Lit': fallback shader 'Universal Render Pipeline/Particles/SimpleLit' not found
Shader 'Universal Render Pipeline/Particles/Lit': fallback shader 'Universal Render Pipeline/Particles/SimpleLit' not found
Launched and connected shader compiler UnityShaderCompiler.exe after 0.06 seconds
Refreshing native plugins compatible for Editor in 1.24 ms, found 1 plugins.
Preloading 0 native plugins for Editor in 0.00 ms.
Unloading 3999 Unused Serialized files (Serialized files now loaded: 0)
System memory in use before: 231.5 MB.
System memory in use after: 228.9 MB.

Unloading 46 unused Assets to reduce memory usage. Loaded Objects now: 4428.
Total: 4.237000 ms (FindLiveObjects: 0.317300 ms CreateObjectMapping: 0.222800 ms MarkObjects: 2.100700 ms  DeleteObjects: 1.595400 ms)

========================================================================
Received Import Request.
  path: Assets/dicas.txt
  artifactKey: Guid(8f20cfbb54b00fd42b20cb456019f6cf) Importer(815301076,1909f56bfc062723c751e8b465ee728b)
Start importing Assets/dicas.txt using Guid(8f20cfbb54b00fd42b20cb456019f6cf) Importer(815301076,1909f56bfc062723c751e8b465ee728b)  -> (artifact id: 'f222eeaaa0986cabe7d9bd60d0330ee2') in 0.056549 seconds 
========================================================================
Received Import Request.
  Time since last request: 678.103900 seconds.
  path: Assets/Menu.unity
  artifactKey: Guid(d479ba2e19a1f48478b4b660a3cd57fa) Importer(815301076,1909f56bfc062723c751e8b465ee728b)
Start importing Assets/Menu.unity using Guid(d479ba2e19a1f48478b4b660a3cd57fa) Importer(815301076,1909f56bfc062723c751e8b465ee728b)  -> (artifact id: 'd3b650e467259ed9fadbab0429bf3bc1') in 0.018011 seconds 
========================================================================
Received Import Request.
  Time since last request: 1168.065221 seconds.
  path: Assets/Menu.unity
  artifactKey: Guid(d479ba2e19a1f48478b4b660a3cd57fa) Importer(815301076,1909f56bfc062723c751e8b465ee728b)
Start importing Assets/Menu.unity using Guid(d479ba2e19a1f48478b4b660a3cd57fa) Importer(815301076,1909f56bfc062723c751e8b465ee728b)  -> (artifact id: 'ecc1e95427c72d4a55c312feb07b72e5') in 0.004545 seconds 
========================================================================
Received Import Request.
  Time since last request: 99.569519 seconds.
  path: Assets/intro.unity
  artifactKey: Guid(4e6a690d703aba643b043d02371b7129) Importer(815301076,1909f56bfc062723c751e8b465ee728b)
Start importing Assets/intro.unity using Guid(4e6a690d703aba643b043d02371b7129) Importer(815301076,1909f56bfc062723c751e8b465ee728b)  -> (artifact id: '7eb98e4bf8bebbb0f44d4865b9086af7') in 0.011426 seconds 
========================================================================
Received Import Request.
  Time since last request: 5.741182 seconds.
  path: Assets/intro 1.unity
  artifactKey: Guid(68e0fe29b9dc4cf40903193a9c943781) Importer(815301076,1909f56bfc062723c751e8b465ee728b)
Start importing Assets/intro 1.unity using Guid(68e0fe29b9dc4cf40903193a9c943781) Importer(815301076,1909f56bfc062723c751e8b465ee728b)  -> (artifact id: 'b54edbb5e5a32af7c8172c6b593ad8a4') in 0.012034 seconds 
========================================================================
Received Import Request.
  Time since last request: 6.304805 seconds.
  path: Assets/termino.unity
  artifactKey: Guid(68e0fe29b9dc4cf40903193a9c943781) Importer(815301076,1909f56bfc062723c751e8b465ee728b)
Start importing Assets/termino.unity using Guid(68e0fe29b9dc4cf40903193a9c943781) Importer(815301076,1909f56bfc062723c751e8b465ee728b)  -> (artifact id: '109d7ebed017c6dd24ea45841af2bfea') in 0.010420 seconds 
========================================================================
Received Prepare
Registering precompiled user dll's ...
Registered in 0.003823 seconds.
Begin MonoManager ReloadAssembly
Symbol file LoadedFromMemory doesn't match image C:\Users\User\Documents\RollBall\Library\PackageCache\com.unity.visualscripting@1.6.1\Editor\VisualScripting.Core\Dependencies\YamlDotNet\Unity.VisualScripting.YamlDotNet.dll
Symbol file LoadedFromMemory doesn't match image C:\Users\User\Documents\RollBall\Library\PackageCache\com.unity.visualscripting@1.6.1\Editor\VisualScripting.Core\Dependencies\DotNetZip\Unity.VisualScripting.IonicZip.dll
Native extension for WindowsStandalone target not found
Refreshing native plugins compatible for Editor in 0.76 ms, found 1 plugins.
Preloading 0 native plugins for Editor in 0.00 ms.
Mono: successfully reloaded assembly
- Completed reload, in  1.230 seconds
Platform modules already initialized, skipping
Shader 'Universal Render Pipeline/Particles/Lit': fallback shader 'Universal Render Pipeline/Particles/SimpleLit' not found
Shader 'Universal Render Pipeline/Particles/Lit': fallback shader 'Universal Render Pipeline/Particles/SimpleLit' not found
Refreshing native plugins compatible for Editor in 0.67 ms, found 1 plugins.
Preloading 0 native plugins for Editor in 0.00 ms.
Unloading 3922 Unused Serialized files (Serialized files now loaded: 0)
System memory in use before: 227.7 MB.
System memory in use after: 225.1 MB.

Unloading 42 unused Assets to reduce memory usage. Loaded Objects now: 4431.
Total: 3.552600 ms (FindLiveObjects: 0.296000 ms CreateObjectMapping: 0.216000 ms MarkObjects: 1.977300 ms  DeleteObjects: 1.062300 ms)

========================================================================
Received Import Request.
  Time since last request: 134.530622 seconds.
  path: Assets/termino.unity
  artifactKey: Guid(68e0fe29b9dc4cf40903193a9c943781) Importer(815301076,1909f56bfc062723c751e8b465ee728b)
Start importing Assets/termino.unity using Guid(68e0fe29b9dc4cf40903193a9c943781) Importer(815301076,1909f56bfc062723c751e8b465ee728b)  -> (artifact id: 'a3943ac088e408642a72aed0a47d0fb1') in 0.027100 seconds 
========================================================================
Received Import Request.
  Time since last request: 69.968287 seconds.
  path: Assets/termino.unity
  artifactKey: Guid(68e0fe29b9dc4cf40903193a9c943781) Importer(815301076,1909f56bfc062723c751e8b465ee728b)
Start importing Assets/termino.unity using Guid(68e0fe29b9dc4cf40903193a9c943781) Importer(815301076,1909f56bfc062723c751e8b465ee728b)  -> (artifact id: 'e7eacfa4758415aef24c126663a5fe47') in 0.004325 seconds 
========================================================================
Received Prepare
Registering precompiled user dll's ...
Registered in 0.003350 seconds.
Begin MonoManager ReloadAssembly
Symbol file LoadedFromMemory doesn't match image C:\Users\User\Documents\RollBall\Library\PackageCache\com.unity.visualscripting@1.6.1\Editor\VisualScripting.Core\Dependencies\YamlDotNet\Unity.VisualScripting.YamlDotNet.dll
Symbol file LoadedFromMemory doesn't match image C:\Users\User\Documents\RollBall\Library\PackageCache\com.unity.visualscripting@1.6.1\Editor\VisualScripting.Core\Dependencies\DotNetZip\Unity.VisualScripting.IonicZip.dll
Native extension for WindowsStandalone target not found
Refreshing native plugins compatible for Editor in 0.76 ms, found 1 plugins.
Preloading 0 native plugins for Editor in 0.00 ms.
Mono: successfully reloaded assembly
- Completed reload, in  1.263 seconds
Platform modules already initialized, skipping
Shader 'Universal Render Pipeline/Particles/Lit': fallback shader 'Universal Render Pipeline/Particles/SimpleLit' not found
Shader 'Universal Render Pipeline/Particles/Lit': fallback shader 'Universal Render Pipeline/Particles/SimpleLit' not found
Refreshing native plugins compatible for Editor in 0.67 ms, found 1 plugins.
Preloading 0 native plugins for Editor in 0.00 ms.
Unloading 3922 Unused Serialized files (Serialized files now loaded: 0)
System memory in use before: 227.8 MB.
System memory in use after: 225.1 MB.

Unloading 42 unused Assets to reduce memory usage. Loaded Objects now: 4434.
Total: 4.017400 ms (FindLiveObjects: 0.305900 ms CreateObjectMapping: 0.226200 ms MarkObjects: 2.235000 ms  DeleteObjects: 1.249500 ms)

========================================================================
Received Prepare
Registering precompiled user dll's ...
Registered in 0.002932 seconds.
Begin MonoManager ReloadAssembly
Symbol file LoadedFromMemory doesn't match image C:\Users\User\Documents\RollBall\Library\PackageCache\com.unity.visualscripting@1.6.1\Editor\VisualScripting.Core\Dependencies\YamlDotNet\Unity.VisualScripting.YamlDotNet.dll
Symbol file LoadedFromMemory doesn't match image C:\Users\User\Documents\RollBall\Library\PackageCache\com.unity.visualscripting@1.6.1\Editor\VisualScripting.Core\Dependencies\DotNetZip\Unity.VisualScripting.IonicZip.dll
Native extension for WindowsStandalone target not found
Refreshing native plugins compatible for Editor in 0.76 ms, found 1 plugins.
Preloading 0 native plugins for Editor in 0.00 ms.
Mono: successfully reloaded assembly
- Completed reload, in  1.179 seconds
Platform modules already initialized, skipping
Shader 'Universal Render Pipeline/Particles/Lit': fallback shader 'Universal Render Pipeline/Particles/SimpleLit' not found
Shader 'Universal Render Pipeline/Particles/Lit': fallback shader 'Universal Render Pipeline/Particles/SimpleLit' not found
Refreshing native plugins compatible for Editor in 0.65 ms, found 1 plugins.
Preloading 0 native plugins for Editor in 0.00 ms.
Unloading 3922 Unused Serialized files (Serialized files now loaded: 0)
System memory in use before: 227.8 MB.
System memory in use after: 225.2 MB.

Unloading 42 unused Assets to reduce memory usage. Loaded Objects now: 4437.
Total: 3.851100 ms (FindLiveObjects: 0.293300 ms CreateObjectMapping: 0.178700 ms MarkObjects: 2.135300 ms  DeleteObjects: 1.242800 ms)

========================================================================
Received Import Request.
  Time since last request: 111.597925 seconds.
  path: Assets/intro.unity
  artifactKey: Guid(4e6a690d703aba643b043d02371b7129) Importer(815301076,1909f56bfc062723c751e8b465ee728b)
Start importing Assets/intro.unity using Guid(4e6a690d703aba643b043d02371b7129) Importer(815301076,1909f56bfc062723c751e8b465ee728b)  -> (artifact id: 'c29e6edd6df383b44115c07efeeef453') in 0.027977 seconds 
========================================================================
Received Prepare
Registering precompiled user dll's ...
Registered in 0.003368 seconds.
Begin MonoManager ReloadAssembly
Symbol file LoadedFromMemory doesn't match image C:\Users\User\Documents\RollBall\Library\PackageCache\com.unity.visualscripting@1.6.1\Editor\VisualScripting.Core\Dependencies\YamlDotNet\Unity.VisualScripting.YamlDotNet.dll
Symbol file LoadedFromMemory doesn't match image C:\Users\User\Documents\RollBall\Library\PackageCache\com.unity.visualscripting@1.6.1\Editor\VisualScripting.Core\Dependencies\DotNetZip\Unity.VisualScripting.IonicZip.dll
Native extension for WindowsStandalone target not found
Refreshing native plugins compatible for Editor in 0.75 ms, found 1 plugins.
Preloading 0 native plugins for Editor in 0.00 ms.
Mono: successfully reloaded assembly
- Completed reload, in  1.144 seconds
Platform modules already initialized, skipping
Shader 'Universal Render Pipeline/Particles/Lit': fallback shader 'Universal Render Pipeline/Particles/SimpleLit' not found
Shader 'Universal Render Pipeline/Particles/Lit': fallback shader 'Universal Render Pipeline/Particles/SimpleLit' not found
Refreshing native plugins compatible for Editor in 0.71 ms, found 1 plugins.
Preloading 0 native plugins for Editor in 0.00 ms.
Unloading 3922 Unused Serialized files (Serialized files now loaded: 0)
System memory in use before: 227.8 MB.
System memory in use after: 225.2 MB.

Unloading 42 unused Assets to reduce memory usage. Loaded Objects now: 4440.
Total: 4.176200 ms (FindLiveObjects: 0.329000 ms CreateObjectMapping: 0.229100 ms MarkObjects: 2.288100 ms  DeleteObjects: 1.325000 ms)

========================================================================
Received Prepare
Shader 'Universal Render Pipeline/Particles/Lit': fallback shader 'Universal Render Pipeline/Particles/SimpleLit' not found
Shader 'Universal Render Pipeline/Particles/Lit': fallback shader 'Universal Render Pipeline/Particles/SimpleLit' not found
Refreshing native plugins compatible for Editor in 2.57 ms, found 1 plugins.
Preloading 0 native plugins for Editor in 0.00 ms.
Unloading 40 Unused Serialized files (Serialized files now loaded: 0)
System memory in use before: 151.0 MB.
System memory in use after: 148.4 MB.

Unloading 40 unused Assets to reduce memory usage. Loaded Objects now: 4440.
Total: 4.252300 ms (FindLiveObjects: 0.341900 ms CreateObjectMapping: 0.179000 ms MarkObjects: 2.445200 ms  DeleteObjects: 1.285300 ms)

AssetImportWorkerClient::OnTransportError - code=2 error=End of file
